{
  "RSpec": {
    "coverage": {
      "/Users/gradyshelton/Desktop/mario_food/spec/features/add_edit_delete_product_pages_spec.rb": [
        1,
        null,
        1,
        1,
        1,
        1,
        1,
        1,
        1,
        1,
        1,
        1,
        1,
        1,
        1,
        1,
        1,
        1,
        1,
        null,
        null,
        1,
        1,
        1,
        1,
        1,
        1,
        1,
        1,
        1,
        1,
        1,
        1,
        1,
        1,
        1,
        1,
        null,
        null,
        1,
        1,
        1,
        1,
        1,
        1,
        1,
        1,
        1,
        1,
        1,
        1,
        1,
        null,
        null,
        1,
        1,
        1,
        1,
        1,
        1,
        1,
        1,
        1,
        1,
        1,
        1,
        1,
        1,
        1,
        1,
        null,
        null,
        1,
        1,
        1,
        1,
        1,
        1,
        1,
        1,
        1,
        1,
        1,
        1,
        1,
        1,
        1,
        1,
        null,
        null
      ],
      "/Users/gradyshelton/Desktop/mario_food/spec/rails_helper.rb": [
        null,
        1,
        1,
        1,
        null,
        1,
        1,
        1,
        1,
        null,
        null,
        null,
        null,
        null,
        null,
        null,
        null,
        null,
        null,
        null,
        null,
        null,
        null,
        null,
        null,
        null,
        null,
        null,
        1,
        null,
        1,
        null,
        1,
        null,
        null,
        null,
        null,
        1,
        null,
        null,
        null,
        null,
        null,
        null,
        null,
        null,
        null,
        null,
        null,
        null,
        null,
        null,
        1,
        null,
        null,
        1,
        null,
        null,
        1,
        1,
        1,
        1,
        null,
        null,
        null
      ],
      "/Users/gradyshelton/Desktop/mario_food/config/environment.rb": [
        null,
        1,
        null,
        null,
        1
      ],
      "/Users/gradyshelton/Desktop/mario_food/config/application.rb": [
        1,
        null,
        1,
        null,
        1,
        1,
        1,
        1,
        1,
        1,
        1,
        1,
        null,
        null,
        null,
        null,
        1,
        null,
        1,
        1,
        null,
        1,
        null,
        null,
        null,
        null,
        null,
        null,
        1,
        null,
        null
      ],
      "/Users/gradyshelton/Desktop/mario_food/config/boot.rb": [
        1,
        null,
        1
      ],
      "/Users/gradyshelton/Desktop/mario_food/config/environments/test.rb": [
        1,
        null,
        null,
        null,
        null,
        null,
        null,
        1,
        null,
        null,
        null,
        null,
        1,
        null,
        null,
        1,
        1,
        null,
        null,
        null,
        null,
        1,
        1,
        null,
        null,
        1,
        null,
        null,
        1,
        1,
        null,
        null,
        null,
        null,
        1,
        null,
        null,
        1,
        null,
        null,
        null,
        null
      ],
      "/Users/gradyshelton/Desktop/mario_food/config/initializers/application_controller_renderer.rb": [
        null,
        null,
        null,
        null,
        null,
        null
      ],
      "/Users/gradyshelton/Desktop/mario_food/config/initializers/assets.rb": [
        null,
        null,
        null,
        1,
        null,
        null,
        null,
        null,
        1,
        null,
        null,
        null,
        null,
        null
      ],
      "/Users/gradyshelton/Desktop/mario_food/config/initializers/backtrace_silencers.rb": [
        null,
        null,
        null,
        null,
        null,
        null,
        null
      ],
      "/Users/gradyshelton/Desktop/mario_food/config/initializers/cookies_serializer.rb": [
        null,
        null,
        null,
        null,
        1
      ],
      "/Users/gradyshelton/Desktop/mario_food/config/initializers/filter_parameter_logging.rb": [
        null,
        null,
        null,
        1
      ],
      "/Users/gradyshelton/Desktop/mario_food/config/initializers/inflections.rb": [
        null,
        null,
        null,
        null,
        null,
        null,
        null,
        null,
        null,
        null,
        null,
        null,
        null,
        null,
        null,
        null
      ],
      "/Users/gradyshelton/Desktop/mario_food/config/initializers/mime_types.rb": [
        null,
        null,
        null,
        null
      ],
      "/Users/gradyshelton/Desktop/mario_food/config/initializers/wrap_parameters.rb": [
        null,
        null,
        null,
        null,
        null,
        null,
        1,
        2,
        null,
        null,
        null,
        null,
        null,
        null
      ],
      "/Users/gradyshelton/Desktop/mario_food/app/channels/application_cable/channel.rb": [
        1,
        1,
        null,
        null
      ],
      "/Users/gradyshelton/Desktop/mario_food/app/channels/application_cable/connection.rb": [
        1,
        1,
        null,
        null
      ],
      "/Users/gradyshelton/Desktop/mario_food/app/controllers/application_controller.rb": [
        1,
        1,
        1,
        null,
        1,
        149,
        107,
        null,
        null,
        null,
        1,
        14,
        1,
        1,
        null,
        null,
        null
      ],
      "/Users/gradyshelton/Desktop/mario_food/app/helpers/application_helper.rb": [
        1,
        null
      ],
      "/Users/gradyshelton/Desktop/mario_food/app/controllers/home_controller.rb": [
        1,
        1,
        31,
        null,
        null
      ],
      "/Users/gradyshelton/Desktop/mario_food/app/controllers/products_controller.rb": [
        1,
        1,
        null,
        1,
        22,
        21,
        null,
        1,
        1,
        1,
        null,
        null,
        null,
        null,
        1,
        9,
        null,
        null,
        1,
        2,
        null,
        null,
        1,
        2,
        2,
        1,
        1,
        null,
        1,
        null,
        null,
        null,
        1,
        2,
        null,
        null,
        1,
        2,
        2,
        1,
        1,
        null,
        1,
        null,
        null,
        null,
        1,
        1,
        1,
        1,
        1,
        null,
        null,
        null,
        1,
        1,
        4,
        null,
        null
      ],
      "/Users/gradyshelton/Desktop/mario_food/app/controllers/reviews_controller.rb": [
        1,
        1,
        null,
        1,
        2,
        2,
        null,
        null,
        1,
        2,
        2,
        2,
        1,
        1,
        null,
        1,
        null,
        null,
        null,
        1,
        1,
        2,
        null,
        null,
        null
      ],
      "/Users/gradyshelton/Desktop/mario_food/app/controllers/sessions_controller.rb": [
        1,
        1,
        2,
        2,
        1,
        1,
        1,
        null,
        1,
        1,
        null,
        null,
        null,
        1,
        3,
        3,
        3,
        null,
        null
      ],
      "/Users/gradyshelton/Desktop/mario_food/app/controllers/users_controller.rb": [
        1,
        null,
        1,
        14,
        null,
        null,
        1,
        13,
        13,
        12,
        12,
        12,
        null,
        1,
        1,
        null,
        null,
        null,
        1,
        null,
        1,
        13,
        null,
        null
      ],
      "/Users/gradyshelton/Desktop/mario_food/app/jobs/application_job.rb": [
        1,
        null
      ],
      "/Users/gradyshelton/Desktop/mario_food/app/mailers/application_mailer.rb": [
        1,
        1,
        1,
        null
      ],
      "/Users/gradyshelton/Desktop/mario_food/app/models/application_record.rb": [
        1,
        1,
        null
      ],
      "/Users/gradyshelton/Desktop/mario_food/app/models/product.rb": [
        1,
        1,
        1,
        1,
        1,
        1,
        null,
        32,
        3,
        22,
        1,
        1,
        null,
        null,
        null,
        1,
        null,
        null,
        null,
        null,
        31,
        null,
        null,
        32,
        null,
        1,
        17,
        17,
        17,
        2,
        1,
        null,
        16,
        null,
        null,
        null,
        1,
        1,
        16,
        17,
        null,
        16,
        null,
        null,
        1,
        16,
        null,
        null
      ],
      "/Users/gradyshelton/Desktop/mario_food/app/models/review.rb": [
        1,
        1,
        1,
        1,
        1,
        null,
        1,
        null,
        1,
        1,
        2,
        3,
        null,
        2,
        null,
        null
      ],
      "/Users/gradyshelton/Desktop/mario_food/app/models/user.rb": [
        1,
        1,
        1,
        1,
        1,
        null,
        1,
        12,
        12,
        null,
        null,
        1,
        2,
        2,
        1,
        null,
        null,
        null,
        null,
        null
      ],
      "/Users/gradyshelton/Desktop/mario_food/spec/factories.rb": [
        1,
        1,
        1,
        1,
        1,
        1,
        null,
        null
      ],
      "/Users/gradyshelton/Desktop/mario_food/config/routes.rb": [
        1,
        null,
        1,
        null,
        1,
        1,
        null,
        null,
        1,
        1,
        1,
        1,
        1,
        null
      ],
      "/Users/gradyshelton/Desktop/mario_food/spec/features/add_reviews_pages_spec.rb": [
        1,
        null,
        1,
        1,
        1,
        1,
        1,
        1,
        1,
        1,
        1,
        1,
        1,
        1,
        1,
        1,
        1,
        1,
        1,
        1,
        1,
        null,
        null,
        1,
        1,
        1,
        1,
        1,
        1,
        1,
        1,
        1,
        1,
        1,
        1,
        1,
        1,
        1,
        1,
        1,
        1,
        null,
        null
      ],
      "/Users/gradyshelton/Desktop/mario_food/spec/features/sign_in_pages_spec.rb": [
        1,
        null,
        1,
        1,
        1,
        1,
        1,
        1,
        1,
        1,
        1,
        null,
        null,
        1,
        1,
        1,
        1,
        1,
        1,
        1,
        1,
        1,
        1,
        1,
        1,
        1,
        1,
        1,
        null,
        null,
        1,
        1,
        1,
        1,
        1,
        1,
        1,
        1,
        1,
        1,
        1,
        1,
        1,
        1,
        1,
        null,
        null,
        1,
        1,
        1,
        1,
        1,
        1,
        1,
        1,
        1,
        1,
        1,
        1,
        1,
        1,
        1,
        null,
        null,
        1,
        1,
        1,
        1,
        1,
        1,
        1,
        null,
        null,
        null
      ],
      "/Users/gradyshelton/Desktop/mario_food/spec/features/view_products_pages_spec.rb": [
        1,
        null,
        1,
        1,
        1,
        1,
        1,
        null,
        null,
        1,
        1,
        1,
        1,
        1,
        null,
        null
      ],
      "/Users/gradyshelton/Desktop/mario_food/spec/features/visit_product_details_pages_spec.rb": [
        1,
        null,
        1,
        1,
        1,
        1,
        1,
        1,
        1,
        1,
        1,
        1,
        1,
        1,
        1,
        1,
        null,
        null
      ],
      "/Users/gradyshelton/Desktop/mario_food/spec/models/product_spec.rb": [
        1,
        null,
        1,
        2,
        2,
        2,
        2,
        2,
        null,
        1,
        1,
        1,
        1,
        null,
        null,
        null,
        1,
        1,
        1,
        1,
        null,
        null,
        null,
        null,
        null
      ],
      "/Users/gradyshelton/Desktop/mario_food/spec/models/review_spec.rb": [
        1,
        null,
        1,
        2,
        2,
        2,
        2,
        null,
        null,
        1,
        1,
        1,
        1,
        null,
        null,
        null,
        1,
        1,
        1,
        1,
        null,
        null,
        1,
        1,
        1,
        1,
        null,
        null,
        1,
        1,
        1,
        1,
        null,
        null,
        1,
        1,
        1,
        1,
        null,
        null
      ]
    },
    "timestamp": 1499192459
  }
}
